<?xml version="1.0" encoding="UTF-8"?>
<!-- Generated by org.testng.reporters.JUnitReportReporter -->
<testsuite name="com.ThinkTime.scripts.TestPresenceOdElements" tests="1" time="14.296" ignored="0" failures="0" timestamp="17 Mar 2017 11:56:54 GMT" skipped="0" hostname="WIN-HJS2J35D80T" errors="0">
  <testcase name="presenceOfElement" time="14.296" classname="com.ThinkTime.scripts.TestPresenceOdElements"/>
</testsuite> <!-- com.ThinkTime.scripts.TestPresenceOdElements -->
